2026-05-22 14:32:24 | HTTP EXCEPTION
IP: 127.0.0.1 | GET 127.0.0.1/secret-admin
Smarty\CompilerException: Syntax error in template "file:admin/layouts/admin.tpl"  on line 25 "<a href="{$admin_path}/redirects" class="nav-link text-white{if str_starts_with($current_path, $admin_path|cat:'/redirects')} active{/if}">" unknown modifier 'str_starts_with'
in /Users/brukva/MyProjects/Skeleton/private/resources/views/admin/layouts/admin.tpl on line 25
#0 /Users/brukva/MyProjects/Skeleton/vendor/smarty/smarty/src/Compile/ModifierCompiler.php(74): Smarty\Compiler\Template->trigger_template_error('unknown modifie...', 25, true)
#1 /Users/brukva/MyProjects/Skeleton/vendor/smarty/smarty/src/Compiler/Template.php(498): Smarty\Compile\ModifierCompiler->compile(Array, Object(Smarty\Compiler\Template), Array)
#2 /Users/brukva/MyProjects/Skeleton/vendor/smarty/smarty/src/Compiler/Template.php(1383): Smarty\Compiler\Template->compileModifier(Array, '$_smarty_tpl->g...')
#3 /Users/brukva/MyProjects/Skeleton/vendor/smarty/smarty/src/Parser/TemplateParser.php(2913): Smarty\Compiler\Template->compileModifierInExpression('str_starts_with', Array)
#4 /Users/brukva/MyProjects/Skeleton/vendor/smarty/smarty/src/Parser/TemplateParser.php(3099): Smarty\Parser\TemplateParser->yy_r159()
#5 /Users/brukva/MyProjects/Skeleton/vendor/smarty/smarty/src/Parser/TemplateParser.php(3194): Smarty\Parser\TemplateParser->yy_reduce(159)
#6 /Users/brukva/MyProjects/Skeleton/vendor/smarty/smarty/src/Compiler/Template.php(1268): Smarty\Parser\TemplateParser->doParse(13, '}')
#7 /Users/brukva/MyProjects/Skeleton/vendor/smarty/smarty/src/Compiler/Template.php(435): Smarty\Compiler\Template->doCompile('<!doctype html>...', true)
#8 /Users/brukva/MyProjects/Skeleton/vendor/smarty/smarty/src/Compiler/Template.php(359): Smarty\Compiler\Template->compileTemplateSource(Object(Smarty\Template))
#9 /Users/brukva/MyProjects/Skeleton/vendor/smarty/smarty/src/Template/Compiled.php(213): Smarty\Compiler\Template->compileTemplate(Object(Smarty\Template))
#10 /Users/brukva/MyProjects/Skeleton/vendor/smarty/smarty/src/Template/Compiled.php(190): Smarty\Template\Compiled->doCompile(Object(Smarty\Template))
#11 /Users/brukva/MyProjects/Skeleton/vendor/smarty/smarty/src/Template/Compiled.php(143): Smarty\Template\Compiled->compileAndWrite(Object(Smarty\Template))
#12 /Users/brukva/MyProjects/Skeleton/vendor/smarty/smarty/src/Template/Compiled.php(101): Smarty\Template\Compiled->compileAndLoad(Object(Smarty\Template))
#13 /Users/brukva/MyProjects/Skeleton/vendor/smarty/smarty/src/Template.php(180): Smarty\Template\Compiled->render(Object(Smarty\Template))
#14 /Users/brukva/MyProjects/Skeleton/vendor/smarty/smarty/src/Template.php(287): Smarty\Template->render()
#15 /Users/brukva/MyProjects/Skeleton/vendor/smarty/smarty/src/Runtime/InheritanceRuntime.php(112): Smarty\Template->renderSubTemplate('admin/layouts/a...', NULL, NULL, 0, 3600, Array, NULL, '/Users/brukva/M...')
#16 /Users/brukva/MyProjects/Skeleton/private/storage/cache/templates/3fc6fb327b4c3dd1bc7aaddda6edbc9a7f530bd7_2.file_index.tpl.php(38): Smarty\Runtime\InheritanceRuntime->endChild(Object(Smarty\Template), 'admin/layouts/a...', '/Users/brukva/M...')
#17 /Users/brukva/MyProjects/Skeleton/vendor/smarty/smarty/src/Template/GeneratedPhpFile.php(111): content_6a1068f8d53338_12399775(Object(Smarty\Template))
#18 /Users/brukva/MyProjects/Skeleton/vendor/smarty/smarty/src/Template/Compiled.php(110): Smarty\Template\GeneratedPhpFile->getRenderedTemplateCode(Object(Smarty\Template), 'content_6a1068f...')
#19 /Users/brukva/MyProjects/Skeleton/vendor/smarty/smarty/src/Template.php(180): Smarty\Template\Compiled->render(Object(Smarty\Template))
#20 /Users/brukva/MyProjects/Skeleton/vendor/smarty/smarty/src/Template.php(655): Smarty\Template->render(false, 0)
#21 /Users/brukva/MyProjects/Skeleton/vendor/smarty/smarty/src/Template.php(589): Smarty\Template->_execute(0)
#22 /Users/brukva/MyProjects/Skeleton/vendor/smarty/smarty/src/Smarty.php(2117): Smarty\Template->fetch()
#23 /Users/brukva/MyProjects/Skeleton/private/app/View/View.php(67): Smarty\Smarty->fetch('admin/dashboard...')
#24 /Users/brukva/MyProjects/Skeleton/private/app/Controller/Admin/DashboardController.php(35): App\View\View->render('admin/dashboard...', Array)
#25 /Users/brukva/MyProjects/Skeleton/private/app/Http/Router.php(69): App\Controller\Admin\DashboardController->index(Object(App\Http\Request))
#26 /Users/brukva/MyProjects/Skeleton/private/app/Http/Middleware/AdminMiddleware.php(40): App\Http\Router->App\Http\{closure}(Object(App\Http\Request))
#27 /Users/brukva/MyProjects/Skeleton/private/app/Http/Pipeline.php(36): App\Http\Middleware\AdminMiddleware->process(Object(App\Http\Request), Object(Closure))
#28 /Users/brukva/MyProjects/Skeleton/private/app/Http/Pipeline.php(42): App\Http\Pipeline->App\Http\{closure}(Object(App\Http\Request))
#29 /Users/brukva/MyProjects/Skeleton/private/app/Http/Router.php(65): App\Http\Pipeline->run(Object(App\Http\Request), Array, Object(Closure))
#30 /Users/brukva/MyProjects/Skeleton/public/index.php(59): App\Http\Router->dispatch(Object(App\Http\Request))
#31 /Users/brukva/MyProjects/Skeleton/private/app/Http/Middleware/ShareViewDataMiddleware.php(68): {closure}(Object(App\Http\Request))
#32 /Users/brukva/MyProjects/Skeleton/private/app/Http/Pipeline.php(36): App\Http\Middleware\ShareViewDataMiddleware->process(Object(App\Http\Request), Object(Closure))
#33 /Users/brukva/MyProjects/Skeleton/private/app/Http/Middleware/LocaleMiddleware.php(72): App\Http\Pipeline->App\Http\{closure}(Object(App\Http\Request))
#34 /Users/brukva/MyProjects/Skeleton/private/app/Http/Middleware/LocaleMiddleware.php(46): App\Http\Middleware\LocaleMiddleware->handleAuthenticated(Object(App\Http\Request), Object(Closure), 'en', '/secret-admin', false)
#35 /Users/brukva/MyProjects/Skeleton/private/app/Http/Pipeline.php(36): App\Http\Middleware\LocaleMiddleware->process(Object(App\Http\Request), Object(Closure))
#36 /Users/brukva/MyProjects/Skeleton/private/app/Http/Middleware/CsrfMiddleware.php(45): App\Http\Pipeline->App\Http\{closure}(Object(App\Http\Request))
#37 /Users/brukva/MyProjects/Skeleton/private/app/Http/Pipeline.php(36): App\Http\Middleware\CsrfMiddleware->process(Object(App\Http\Request), Object(Closure))
#38 /Users/brukva/MyProjects/Skeleton/private/app/Http/Middleware/RedirectMiddleware.php(46): App\Http\Pipeline->App\Http\{closure}(Object(App\Http\Request))
#39 /Users/brukva/MyProjects/Skeleton/private/app/Http/Pipeline.php(36): App\Http\Middleware\RedirectMiddleware->process(Object(App\Http\Request), Object(Closure))
#40 /Users/brukva/MyProjects/Skeleton/private/app/Http/Middleware/SessionMiddleware.php(32): App\Http\Pipeline->App\Http\{closure}(Object(App\Http\Request))
#41 /Users/brukva/MyProjects/Skeleton/private/app/Http/Pipeline.php(36): App\Http\Middleware\SessionMiddleware->process(Object(App\Http\Request), Object(Closure))
#42 /Users/brukva/MyProjects/Skeleton/private/app/Http/Pipeline.php(42): App\Http\Pipeline->App\Http\{closure}(Object(App\Http\Request))
#43 /Users/brukva/MyProjects/Skeleton/public/index.php(56): App\Http\Pipeline->run(Object(App\Http\Request), Array, Object(Closure))
#44 {main}
------------------------------------------------------------

2026-05-22 14:35:16 | HTTP EXCEPTION
IP: 127.0.0.1 | POST 127.0.0.1/secret-admin/redirects
PDOException: SQLSTATE[HY000]: General error: 1 near "redirects": syntax error
in /Users/brukva/MyProjects/Skeleton/private/app/Database/Database.php on line 64
#0 /Users/brukva/MyProjects/Skeleton/private/app/Database/Database.php(64): PDO->prepare('redirects')
#1 /Users/brukva/MyProjects/Skeleton/private/app/Database/Database.php(109): App\Database\Database->run('redirects', Array)
#2 /Users/brukva/MyProjects/Skeleton/private/app/Controller/Admin/RedirectController.php(82): App\Database\Database->insert('redirects', Array)
#3 /Users/brukva/MyProjects/Skeleton/private/app/Http/Router.php(69): App\Controller\Admin\RedirectController->store(Object(App\Http\Request))
#4 /Users/brukva/MyProjects/Skeleton/private/app/Http/Middleware/AdminMiddleware.php(40): App\Http\Router->App\Http\{closure}(Object(App\Http\Request))
#5 /Users/brukva/MyProjects/Skeleton/private/app/Http/Pipeline.php(36): App\Http\Middleware\AdminMiddleware->process(Object(App\Http\Request), Object(Closure))
#6 /Users/brukva/MyProjects/Skeleton/private/app/Http/Pipeline.php(42): App\Http\Pipeline->App\Http\{closure}(Object(App\Http\Request))
#7 /Users/brukva/MyProjects/Skeleton/private/app/Http/Router.php(65): App\Http\Pipeline->run(Object(App\Http\Request), Array, Object(Closure))
#8 /Users/brukva/MyProjects/Skeleton/public/index.php(59): App\Http\Router->dispatch(Object(App\Http\Request))
#9 /Users/brukva/MyProjects/Skeleton/private/app/Http/Middleware/ShareViewDataMiddleware.php(68): {closure}(Object(App\Http\Request))
#10 /Users/brukva/MyProjects/Skeleton/private/app/Http/Pipeline.php(36): App\Http\Middleware\ShareViewDataMiddleware->process(Object(App\Http\Request), Object(Closure))
#11 /Users/brukva/MyProjects/Skeleton/private/app/Http/Middleware/LocaleMiddleware.php(72): App\Http\Pipeline->App\Http\{closure}(Object(App\Http\Request))
#12 /Users/brukva/MyProjects/Skeleton/private/app/Http/Middleware/LocaleMiddleware.php(46): App\Http\Middleware\LocaleMiddleware->handleAuthenticated(Object(App\Http\Request), Object(Closure), 'en', '/secret-admin/r...', false)
#13 /Users/brukva/MyProjects/Skeleton/private/app/Http/Pipeline.php(36): App\Http\Middleware\LocaleMiddleware->process(Object(App\Http\Request), Object(Closure))
#14 /Users/brukva/MyProjects/Skeleton/private/app/Http/Middleware/CsrfMiddleware.php(45): App\Http\Pipeline->App\Http\{closure}(Object(App\Http\Request))
#15 /Users/brukva/MyProjects/Skeleton/private/app/Http/Pipeline.php(36): App\Http\Middleware\CsrfMiddleware->process(Object(App\Http\Request), Object(Closure))
#16 /Users/brukva/MyProjects/Skeleton/private/app/Http/Middleware/RedirectMiddleware.php(39): App\Http\Pipeline->App\Http\{closure}(Object(App\Http\Request))
#17 /Users/brukva/MyProjects/Skeleton/private/app/Http/Pipeline.php(36): App\Http\Middleware\RedirectMiddleware->process(Object(App\Http\Request), Object(Closure))
#18 /Users/brukva/MyProjects/Skeleton/private/app/Http/Middleware/SessionMiddleware.php(32): App\Http\Pipeline->App\Http\{closure}(Object(App\Http\Request))
#19 /Users/brukva/MyProjects/Skeleton/private/app/Http/Pipeline.php(36): App\Http\Middleware\SessionMiddleware->process(Object(App\Http\Request), Object(Closure))
#20 /Users/brukva/MyProjects/Skeleton/private/app/Http/Pipeline.php(42): App\Http\Pipeline->App\Http\{closure}(Object(App\Http\Request))
#21 /Users/brukva/MyProjects/Skeleton/public/index.php(56): App\Http\Pipeline->run(Object(App\Http\Request), Array, Object(Closure))
#22 {main}
------------------------------------------------------------

2026-05-22 16:57:02 | HTTP EXCEPTION
Request-ID: fe449111fb987338b7b2ac72294e14e2
IP: 127.0.0.1 | GET 127.0.0.1/registration
Smarty\CompilerException: Syntax error in template "file:auth/registration.tpl"  on line 54 "alertNode.className = `alert alert-${type}`" unknown tag 'type'
in /Users/brukva/MyProjects/Skeleton/private/resources/views/auth/registration.tpl on line 54
#0 /Users/brukva/MyProjects/Skeleton/vendor/smarty/smarty/src/Compiler/Template.php(1183): Smarty\Compiler\Template->trigger_template_error('unknown tag 'ty...', 54, true)
#1 /Users/brukva/MyProjects/Skeleton/vendor/smarty/smarty/src/Compiler/Template.php(482): Smarty\Compiler\Template->compileTag2('type', Array, Array)
#2 /Users/brukva/MyProjects/Skeleton/vendor/smarty/smarty/src/Parser/TemplateParser.php(2336): Smarty\Compiler\Template->compileTag('type', Array)
#3 /Users/brukva/MyProjects/Skeleton/vendor/smarty/smarty/src/Parser/TemplateParser.php(3099): Smarty\Parser\TemplateParser->yy_r12()
#4 /Users/brukva/MyProjects/Skeleton/vendor/smarty/smarty/src/Parser/TemplateParser.php(3194): Smarty\Parser\TemplateParser->yy_reduce(12)
#5 /Users/brukva/MyProjects/Skeleton/vendor/smarty/smarty/src/Compiler/Template.php(1268): Smarty\Parser\TemplateParser->doParse(3, '`\n        alert...')
#6 /Users/brukva/MyProjects/Skeleton/vendor/smarty/smarty/src/Compiler/Template.php(435): Smarty\Compiler\Template->doCompile('<div class="row...', true)
#7 /Users/brukva/MyProjects/Skeleton/vendor/smarty/smarty/src/Compiler/Template.php(359): Smarty\Compiler\Template->compileTemplateSource(Object(Smarty\Template))
#8 /Users/brukva/MyProjects/Skeleton/vendor/smarty/smarty/src/Template/Compiled.php(213): Smarty\Compiler\Template->compileTemplate(Object(Smarty\Template))
#9 /Users/brukva/MyProjects/Skeleton/vendor/smarty/smarty/src/Template/Compiled.php(190): Smarty\Template\Compiled->doCompile(Object(Smarty\Template))
#10 /Users/brukva/MyProjects/Skeleton/vendor/smarty/smarty/src/Template/Compiled.php(143): Smarty\Template\Compiled->compileAndWrite(Object(Smarty\Template))
#11 /Users/brukva/MyProjects/Skeleton/vendor/smarty/smarty/src/Template/Compiled.php(101): Smarty\Template\Compiled->compileAndLoad(Object(Smarty\Template))
#12 /Users/brukva/MyProjects/Skeleton/vendor/smarty/smarty/src/Template.php(180): Smarty\Template\Compiled->render(Object(Smarty\Template))
#13 /Users/brukva/MyProjects/Skeleton/vendor/smarty/smarty/src/Template.php(655): Smarty\Template->render(false, 0)
#14 /Users/brukva/MyProjects/Skeleton/vendor/smarty/smarty/src/Template.php(589): Smarty\Template->_execute(0)
#15 /Users/brukva/MyProjects/Skeleton/vendor/smarty/smarty/src/Smarty.php(2117): Smarty\Template->fetch()
#16 /Users/brukva/MyProjects/Skeleton/private/app/View/View.php(70): Smarty\Smarty->fetch('auth/registrati...')
#17 /Users/brukva/MyProjects/Skeleton/private/app/Controller/AuthController.php(73): App\View\View->fetch('auth/registrati...')
#18 /Users/brukva/MyProjects/Skeleton/private/app/Http/Router.php(76): App\Controller\AuthController->registrationForm(Object(App\Http\Request))
#19 /Users/brukva/MyProjects/Skeleton/private/app/Http/Pipeline.php(42): App\Http\Router->App\Http\{closure}(Object(App\Http\Request))
#20 /Users/brukva/MyProjects/Skeleton/private/app/Http/Router.php(72): App\Http\Pipeline->run(Object(App\Http\Request), Array, Object(Closure))
#21 /Users/brukva/MyProjects/Skeleton/public/index.php(77): App\Http\Router->dispatch(Object(App\Http\Request))
#22 /Users/brukva/MyProjects/Skeleton/private/app/Http/Middleware/ShareViewDataMiddleware.php(72): {closure}(Object(App\Http\Request))
#23 /Users/brukva/MyProjects/Skeleton/private/app/Http/Pipeline.php(36): App\Http\Middleware\ShareViewDataMiddleware->process(Object(App\Http\Request), Object(Closure))
#24 /Users/brukva/MyProjects/Skeleton/private/app/Http/Middleware/LocaleMiddleware.php(93): App\Http\Pipeline->App\Http\{closure}(Object(App\Http\Request))
#25 /Users/brukva/MyProjects/Skeleton/private/app/Http/Middleware/LocaleMiddleware.php(49): App\Http\Middleware\LocaleMiddleware->handleGuest(Object(App\Http\Request), Object(Closure), 'en', '/registration', false)
#26 /Users/brukva/MyProjects/Skeleton/private/app/Http/Pipeline.php(36): App\Http\Middleware\LocaleMiddleware->process(Object(App\Http\Request), Object(Closure))
#27 /Users/brukva/MyProjects/Skeleton/private/app/Http/Middleware/CsrfMiddleware.php(45): App\Http\Pipeline->App\Http\{closure}(Object(App\Http\Request))
#28 /Users/brukva/MyProjects/Skeleton/private/app/Http/Pipeline.php(36): App\Http\Middleware\CsrfMiddleware->process(Object(App\Http\Request), Object(Closure))
#29 /Users/brukva/MyProjects/Skeleton/private/app/Http/Middleware/RedirectMiddleware.php(46): App\Http\Pipeline->App\Http\{closure}(Object(App\Http\Request))
#30 /Users/brukva/MyProjects/Skeleton/private/app/Http/Pipeline.php(36): App\Http\Middleware\RedirectMiddleware->process(Object(App\Http\Request), Object(Closure))
#31 /Users/brukva/MyProjects/Skeleton/private/app/Http/Middleware/SessionMiddleware.php(32): App\Http\Pipeline->App\Http\{closure}(Object(App\Http\Request))
#32 /Users/brukva/MyProjects/Skeleton/private/app/Http/Pipeline.php(36): App\Http\Middleware\SessionMiddleware->process(Object(App\Http\Request), Object(Closure))
#33 /Users/brukva/MyProjects/Skeleton/private/app/Http/Middleware/SecurityHeadersMiddleware.php(29): App\Http\Pipeline->App\Http\{closure}(Object(App\Http\Request))
#34 /Users/brukva/MyProjects/Skeleton/private/app/Http/Pipeline.php(36): App\Http\Middleware\SecurityHeadersMiddleware->process(Object(App\Http\Request), Object(Closure))
#35 /Users/brukva/MyProjects/Skeleton/private/app/Http/Middleware/TrailingSlashMiddleware.php(35): App\Http\Pipeline->App\Http\{closure}(Object(App\Http\Request))
#36 /Users/brukva/MyProjects/Skeleton/private/app/Http/Pipeline.php(36): App\Http\Middleware\TrailingSlashMiddleware->process(Object(App\Http\Request), Object(Closure))
#37 /Users/brukva/MyProjects/Skeleton/private/app/Http/Pipeline.php(42): App\Http\Pipeline->App\Http\{closure}(Object(App\Http\Request))
#38 /Users/brukva/MyProjects/Skeleton/public/index.php(74): App\Http\Pipeline->run(Object(App\Http\Request), Array, Object(Closure))
#39 {main}
------------------------------------------------------------

2026-05-22 16:58:16 | HTTP EXCEPTION
Request-ID: c7f32c58f6200cb16dba3185b117f2f8
IP: 127.0.0.1 | GET 127.0.0.1/registration
Smarty\CompilerException: Syntax error in template "file:auth/registration.tpl"  on line 54 "alertNode.className = `alert alert-${type}`" unknown tag 'type'
in /Users/brukva/MyProjects/Skeleton/private/resources/views/auth/registration.tpl on line 54
#0 /Users/brukva/MyProjects/Skeleton/vendor/smarty/smarty/src/Compiler/Template.php(1183): Smarty\Compiler\Template->trigger_template_error('unknown tag 'ty...', 54, true)
#1 /Users/brukva/MyProjects/Skeleton/vendor/smarty/smarty/src/Compiler/Template.php(482): Smarty\Compiler\Template->compileTag2('type', Array, Array)
#2 /Users/brukva/MyProjects/Skeleton/vendor/smarty/smarty/src/Parser/TemplateParser.php(2336): Smarty\Compiler\Template->compileTag('type', Array)
#3 /Users/brukva/MyProjects/Skeleton/vendor/smarty/smarty/src/Parser/TemplateParser.php(3099): Smarty\Parser\TemplateParser->yy_r12()
#4 /Users/brukva/MyProjects/Skeleton/vendor/smarty/smarty/src/Parser/TemplateParser.php(3194): Smarty\Parser\TemplateParser->yy_reduce(12)
#5 /Users/brukva/MyProjects/Skeleton/vendor/smarty/smarty/src/Compiler/Template.php(1268): Smarty\Parser\TemplateParser->doParse(3, '`\n        alert...')
#6 /Users/brukva/MyProjects/Skeleton/vendor/smarty/smarty/src/Compiler/Template.php(435): Smarty\Compiler\Template->doCompile('<div class="row...', true)
#7 /Users/brukva/MyProjects/Skeleton/vendor/smarty/smarty/src/Compiler/Template.php(359): Smarty\Compiler\Template->compileTemplateSource(Object(Smarty\Template))
#8 /Users/brukva/MyProjects/Skeleton/vendor/smarty/smarty/src/Template/Compiled.php(213): Smarty\Compiler\Template->compileTemplate(Object(Smarty\Template))
#9 /Users/brukva/MyProjects/Skeleton/vendor/smarty/smarty/src/Template/Compiled.php(190): Smarty\Template\Compiled->doCompile(Object(Smarty\Template))
#10 /Users/brukva/MyProjects/Skeleton/vendor/smarty/smarty/src/Template/Compiled.php(143): Smarty\Template\Compiled->compileAndWrite(Object(Smarty\Template))
#11 /Users/brukva/MyProjects/Skeleton/vendor/smarty/smarty/src/Template/Compiled.php(101): Smarty\Template\Compiled->compileAndLoad(Object(Smarty\Template))
#12 /Users/brukva/MyProjects/Skeleton/vendor/smarty/smarty/src/Template.php(180): Smarty\Template\Compiled->render(Object(Smarty\Template))
#13 /Users/brukva/MyProjects/Skeleton/vendor/smarty/smarty/src/Template.php(655): Smarty\Template->render(false, 0)
#14 /Users/brukva/MyProjects/Skeleton/vendor/smarty/smarty/src/Template.php(589): Smarty\Template->_execute(0)
#15 /Users/brukva/MyProjects/Skeleton/vendor/smarty/smarty/src/Smarty.php(2117): Smarty\Template->fetch()
#16 /Users/brukva/MyProjects/Skeleton/private/app/View/View.php(70): Smarty\Smarty->fetch('auth/registrati...')
#17 /Users/brukva/MyProjects/Skeleton/private/app/Controller/AuthController.php(71): App\View\View->fetch('auth/registrati...')
#18 /Users/brukva/MyProjects/Skeleton/private/app/Http/Router.php(76): App\Controller\AuthController->registrationForm(Object(App\Http\Request))
#19 /Users/brukva/MyProjects/Skeleton/private/app/Http/Pipeline.php(42): App\Http\Router->App\Http\{closure}(Object(App\Http\Request))
#20 /Users/brukva/MyProjects/Skeleton/private/app/Http/Router.php(72): App\Http\Pipeline->run(Object(App\Http\Request), Array, Object(Closure))
#21 /Users/brukva/MyProjects/Skeleton/public/index.php(77): App\Http\Router->dispatch(Object(App\Http\Request))
#22 /Users/brukva/MyProjects/Skeleton/private/app/Http/Middleware/ShareViewDataMiddleware.php(72): {closure}(Object(App\Http\Request))
#23 /Users/brukva/MyProjects/Skeleton/private/app/Http/Pipeline.php(36): App\Http\Middleware\ShareViewDataMiddleware->process(Object(App\Http\Request), Object(Closure))
#24 /Users/brukva/MyProjects/Skeleton/private/app/Http/Middleware/LocaleMiddleware.php(93): App\Http\Pipeline->App\Http\{closure}(Object(App\Http\Request))
#25 /Users/brukva/MyProjects/Skeleton/private/app/Http/Middleware/LocaleMiddleware.php(49): App\Http\Middleware\LocaleMiddleware->handleGuest(Object(App\Http\Request), Object(Closure), 'en', '/registration', false)
#26 /Users/brukva/MyProjects/Skeleton/private/app/Http/Pipeline.php(36): App\Http\Middleware\LocaleMiddleware->process(Object(App\Http\Request), Object(Closure))
#27 /Users/brukva/MyProjects/Skeleton/private/app/Http/Middleware/CsrfMiddleware.php(45): App\Http\Pipeline->App\Http\{closure}(Object(App\Http\Request))
#28 /Users/brukva/MyProjects/Skeleton/private/app/Http/Pipeline.php(36): App\Http\Middleware\CsrfMiddleware->process(Object(App\Http\Request), Object(Closure))
#29 /Users/brukva/MyProjects/Skeleton/private/app/Http/Middleware/RedirectMiddleware.php(46): App\Http\Pipeline->App\Http\{closure}(Object(App\Http\Request))
#30 /Users/brukva/MyProjects/Skeleton/private/app/Http/Pipeline.php(36): App\Http\Middleware\RedirectMiddleware->process(Object(App\Http\Request), Object(Closure))
#31 /Users/brukva/MyProjects/Skeleton/private/app/Http/Middleware/SessionMiddleware.php(32): App\Http\Pipeline->App\Http\{closure}(Object(App\Http\Request))
#32 /Users/brukva/MyProjects/Skeleton/private/app/Http/Pipeline.php(36): App\Http\Middleware\SessionMiddleware->process(Object(App\Http\Request), Object(Closure))
#33 /Users/brukva/MyProjects/Skeleton/private/app/Http/Middleware/SecurityHeadersMiddleware.php(29): App\Http\Pipeline->App\Http\{closure}(Object(App\Http\Request))
#34 /Users/brukva/MyProjects/Skeleton/private/app/Http/Pipeline.php(36): App\Http\Middleware\SecurityHeadersMiddleware->process(Object(App\Http\Request), Object(Closure))
#35 /Users/brukva/MyProjects/Skeleton/private/app/Http/Middleware/TrailingSlashMiddleware.php(35): App\Http\Pipeline->App\Http\{closure}(Object(App\Http\Request))
#36 /Users/brukva/MyProjects/Skeleton/private/app/Http/Pipeline.php(36): App\Http\Middleware\TrailingSlashMiddleware->process(Object(App\Http\Request), Object(Closure))
#37 /Users/brukva/MyProjects/Skeleton/private/app/Http/Pipeline.php(42): App\Http\Pipeline->App\Http\{closure}(Object(App\Http\Request))
#38 /Users/brukva/MyProjects/Skeleton/public/index.php(74): App\Http\Pipeline->run(Object(App\Http\Request), Array, Object(Closure))
#39 {main}
------------------------------------------------------------

2026-05-22 17:28:15 | HTTP EXCEPTION
Request-ID: 338bd6fa47781a434f109f5569246890
IP: 127.0.0.1 | GET 127.0.0.1/ru/contacts
Error: Call to undefined method App\View\View::assign()
in /Users/brukva/MyProjects/Skeleton/private/app/Controller/ContactsController.php on line 32
#0 /Users/brukva/MyProjects/Skeleton/private/app/Http/Router.php(76): App\Controller\ContactsController->index(Object(App\Http\Request))
#1 /Users/brukva/MyProjects/Skeleton/private/app/Http/Pipeline.php(42): App\Http\Router->App\Http\{closure}(Object(App\Http\Request))
#2 /Users/brukva/MyProjects/Skeleton/private/app/Http/Router.php(72): App\Http\Pipeline->run(Object(App\Http\Request), Array, Object(Closure))
#3 /Users/brukva/MyProjects/Skeleton/public/index.php(77): App\Http\Router->dispatch(Object(App\Http\Request))
#4 /Users/brukva/MyProjects/Skeleton/private/app/Http/Middleware/ShareViewDataMiddleware.php(72): {closure}(Object(App\Http\Request))
#5 /Users/brukva/MyProjects/Skeleton/private/app/Http/Pipeline.php(36): App\Http\Middleware\ShareViewDataMiddleware->process(Object(App\Http\Request), Object(Closure))
#6 /Users/brukva/MyProjects/Skeleton/private/app/Http/Middleware/LocaleMiddleware.php(93): App\Http\Pipeline->App\Http\{closure}(Object(App\Http\Request))
#7 /Users/brukva/MyProjects/Skeleton/private/app/Http/Middleware/LocaleMiddleware.php(49): App\Http\Middleware\LocaleMiddleware->handleGuest(Object(App\Http\Request), Object(Closure), 'ru', '/contacts', true)
#8 /Users/brukva/MyProjects/Skeleton/private/app/Http/Pipeline.php(36): App\Http\Middleware\LocaleMiddleware->process(Object(App\Http\Request), Object(Closure))
#9 /Users/brukva/MyProjects/Skeleton/private/app/Http/Middleware/CsrfMiddleware.php(45): App\Http\Pipeline->App\Http\{closure}(Object(App\Http\Request))
#10 /Users/brukva/MyProjects/Skeleton/private/app/Http/Pipeline.php(36): App\Http\Middleware\CsrfMiddleware->process(Object(App\Http\Request), Object(Closure))
#11 /Users/brukva/MyProjects/Skeleton/private/app/Http/Middleware/RedirectMiddleware.php(46): App\Http\Pipeline->App\Http\{closure}(Object(App\Http\Request))
#12 /Users/brukva/MyProjects/Skeleton/private/app/Http/Pipeline.php(36): App\Http\Middleware\RedirectMiddleware->process(Object(App\Http\Request), Object(Closure))
#13 /Users/brukva/MyProjects/Skeleton/private/app/Http/Middleware/SessionMiddleware.php(32): App\Http\Pipeline->App\Http\{closure}(Object(App\Http\Request))
#14 /Users/brukva/MyProjects/Skeleton/private/app/Http/Pipeline.php(36): App\Http\Middleware\SessionMiddleware->process(Object(App\Http\Request), Object(Closure))
#15 /Users/brukva/MyProjects/Skeleton/private/app/Http/Middleware/SecurityHeadersMiddleware.php(29): App\Http\Pipeline->App\Http\{closure}(Object(App\Http\Request))
#16 /Users/brukva/MyProjects/Skeleton/private/app/Http/Pipeline.php(36): App\Http\Middleware\SecurityHeadersMiddleware->process(Object(App\Http\Request), Object(Closure))
#17 /Users/brukva/MyProjects/Skeleton/private/app/Http/Middleware/TrailingSlashMiddleware.php(35): App\Http\Pipeline->App\Http\{closure}(Object(App\Http\Request))
#18 /Users/brukva/MyProjects/Skeleton/private/app/Http/Pipeline.php(36): App\Http\Middleware\TrailingSlashMiddleware->process(Object(App\Http\Request), Object(Closure))
#19 /Users/brukva/MyProjects/Skeleton/private/app/Http/Pipeline.php(42): App\Http\Pipeline->App\Http\{closure}(Object(App\Http\Request))
#20 /Users/brukva/MyProjects/Skeleton/public/index.php(74): App\Http\Pipeline->run(Object(App\Http\Request), Array, Object(Closure))
#21 {main}
------------------------------------------------------------

2026-05-22 17:28:19 | HTTP EXCEPTION
Request-ID: 3fb49ba5acc2dcf55179195931624af2
IP: 127.0.0.1 | GET 127.0.0.1/ru/contacts
Error: Call to undefined method App\View\View::assign()
in /Users/brukva/MyProjects/Skeleton/private/app/Controller/ContactsController.php on line 32
#0 /Users/brukva/MyProjects/Skeleton/private/app/Http/Router.php(76): App\Controller\ContactsController->index(Object(App\Http\Request))
#1 /Users/brukva/MyProjects/Skeleton/private/app/Http/Pipeline.php(42): App\Http\Router->App\Http\{closure}(Object(App\Http\Request))
#2 /Users/brukva/MyProjects/Skeleton/private/app/Http/Router.php(72): App\Http\Pipeline->run(Object(App\Http\Request), Array, Object(Closure))
#3 /Users/brukva/MyProjects/Skeleton/public/index.php(77): App\Http\Router->dispatch(Object(App\Http\Request))
#4 /Users/brukva/MyProjects/Skeleton/private/app/Http/Middleware/ShareViewDataMiddleware.php(72): {closure}(Object(App\Http\Request))
#5 /Users/brukva/MyProjects/Skeleton/private/app/Http/Pipeline.php(36): App\Http\Middleware\ShareViewDataMiddleware->process(Object(App\Http\Request), Object(Closure))
#6 /Users/brukva/MyProjects/Skeleton/private/app/Http/Middleware/LocaleMiddleware.php(93): App\Http\Pipeline->App\Http\{closure}(Object(App\Http\Request))
#7 /Users/brukva/MyProjects/Skeleton/private/app/Http/Middleware/LocaleMiddleware.php(49): App\Http\Middleware\LocaleMiddleware->handleGuest(Object(App\Http\Request), Object(Closure), 'ru', '/contacts', true)
#8 /Users/brukva/MyProjects/Skeleton/private/app/Http/Pipeline.php(36): App\Http\Middleware\LocaleMiddleware->process(Object(App\Http\Request), Object(Closure))
#9 /Users/brukva/MyProjects/Skeleton/private/app/Http/Middleware/CsrfMiddleware.php(45): App\Http\Pipeline->App\Http\{closure}(Object(App\Http\Request))
#10 /Users/brukva/MyProjects/Skeleton/private/app/Http/Pipeline.php(36): App\Http\Middleware\CsrfMiddleware->process(Object(App\Http\Request), Object(Closure))
#11 /Users/brukva/MyProjects/Skeleton/private/app/Http/Middleware/RedirectMiddleware.php(46): App\Http\Pipeline->App\Http\{closure}(Object(App\Http\Request))
#12 /Users/brukva/MyProjects/Skeleton/private/app/Http/Pipeline.php(36): App\Http\Middleware\RedirectMiddleware->process(Object(App\Http\Request), Object(Closure))
#13 /Users/brukva/MyProjects/Skeleton/private/app/Http/Middleware/SessionMiddleware.php(32): App\Http\Pipeline->App\Http\{closure}(Object(App\Http\Request))
#14 /Users/brukva/MyProjects/Skeleton/private/app/Http/Pipeline.php(36): App\Http\Middleware\SessionMiddleware->process(Object(App\Http\Request), Object(Closure))
#15 /Users/brukva/MyProjects/Skeleton/private/app/Http/Middleware/SecurityHeadersMiddleware.php(29): App\Http\Pipeline->App\Http\{closure}(Object(App\Http\Request))
#16 /Users/brukva/MyProjects/Skeleton/private/app/Http/Pipeline.php(36): App\Http\Middleware\SecurityHeadersMiddleware->process(Object(App\Http\Request), Object(Closure))
#17 /Users/brukva/MyProjects/Skeleton/private/app/Http/Middleware/TrailingSlashMiddleware.php(35): App\Http\Pipeline->App\Http\{closure}(Object(App\Http\Request))
#18 /Users/brukva/MyProjects/Skeleton/private/app/Http/Pipeline.php(36): App\Http\Middleware\TrailingSlashMiddleware->process(Object(App\Http\Request), Object(Closure))
#19 /Users/brukva/MyProjects/Skeleton/private/app/Http/Pipeline.php(42): App\Http\Pipeline->App\Http\{closure}(Object(App\Http\Request))
#20 /Users/brukva/MyProjects/Skeleton/public/index.php(74): App\Http\Pipeline->run(Object(App\Http\Request), Array, Object(Closure))
#21 {main}
------------------------------------------------------------

Request-ID: 1a56b6eb23e9de8d4852d5217a891d53
2026-05-22 21:55:36 | Fatal Shutdown
IP: 127.0.0.1 | GET 127.0.0.1/
Class App\Cache\NullCache contains 1 abstract method and must therefore be declared abstract or implement the remaining methods (App\Cache\CacheInterface::getStats) in /Users/brukva/MyProjects/Skeleton/private/app/Cache/NullCache.php on line 11
------------------------------------------------------------

Request-ID: 0dd742cea143f9f4d8df38fe2bd78d2b
2026-05-22 21:55:41 | Fatal Shutdown
IP: 127.0.0.1 | GET 127.0.0.1/
Class App\Cache\NullCache contains 1 abstract method and must therefore be declared abstract or implement the remaining methods (App\Cache\CacheInterface::getStats) in /Users/brukva/MyProjects/Skeleton/private/app/Cache/NullCache.php on line 11
------------------------------------------------------------

2026-05-22 22:16:32 | HTTP EXCEPTION
Request-ID: eef3ffa98679880cefef74276e2b470d
IP: 127.0.0.1 | GET 127.0.0.1/
TypeError: App\Debug\DebugInfo::__construct(): Argument #7 ($profiler) must be of type App\Debug\Profiler, array given, called in /Users/brukva/MyProjects/Skeleton/private/config/services.php on line 94
in /Users/brukva/MyProjects/Skeleton/private/app/Debug/DebugInfo.php on line 40
#0 /Users/brukva/MyProjects/Skeleton/private/config/services.php(94): App\Debug\DebugInfo->__construct(Object(App\Auth\Auth), Object(App\Database\Database), Object(App\Cache\NullCache), Object(App\Http\Session), Object(App\Debug\MatchedRoute), Object(App\Debug\TranslationTracker), Array)
#1 /Users/brukva/MyProjects/Skeleton/private/app/Container/Container.php(62): App\Config\Config::{closure}(Object(App\Container\Container))
#2 /Users/brukva/MyProjects/Skeleton/private/config/services.php(228): App\Container\Container->get('App\\Debug\\Debug...')
#3 /Users/brukva/MyProjects/Skeleton/private/app/Container/Container.php(62): App\Config\Config::{closure}(Object(App\Container\Container))
#4 /Users/brukva/MyProjects/Skeleton/private/app/Http/Pipeline.php(41): App\Container\Container->get('App\\Http\\Middle...')
#5 /Users/brukva/MyProjects/Skeleton/private/app/Http/Pipeline.php(54): App\Http\Pipeline->App\Http\{closure}(Object(App\Http\Request))
#6 /Users/brukva/MyProjects/Skeleton/private/app/Http/Middleware/LocaleMiddleware.php(93): App\Http\Pipeline->App\Http\{closure}(Object(App\Http\Request))
#7 /Users/brukva/MyProjects/Skeleton/private/app/Http/Middleware/LocaleMiddleware.php(49): App\Http\Middleware\LocaleMiddleware->handleGuest(Object(App\Http\Request), Object(Closure), 'en', '/', false)
#8 /Users/brukva/MyProjects/Skeleton/private/app/Http/Pipeline.php(57): App\Http\Middleware\LocaleMiddleware->process(Object(App\Http\Request), Object(Closure))
#9 /Users/brukva/MyProjects/Skeleton/private/app/Http/Pipeline.php(54): App\Http\Pipeline->App\Http\{closure}(Object(App\Http\Request))
#10 /Users/brukva/MyProjects/Skeleton/private/app/Http/Middleware/CsrfMiddleware.php(45): App\Http\Pipeline->App\Http\{closure}(Object(App\Http\Request))
#11 /Users/brukva/MyProjects/Skeleton/private/app/Http/Pipeline.php(57): App\Http\Middleware\CsrfMiddleware->process(Object(App\Http\Request), Object(Closure))
#12 /Users/brukva/MyProjects/Skeleton/private/app/Http/Pipeline.php(54): App\Http\Pipeline->App\Http\{closure}(Object(App\Http\Request))
#13 /Users/brukva/MyProjects/Skeleton/private/app/Http/Middleware/RedirectMiddleware.php(46): App\Http\Pipeline->App\Http\{closure}(Object(App\Http\Request))
#14 /Users/brukva/MyProjects/Skeleton/private/app/Http/Pipeline.php(57): App\Http\Middleware\RedirectMiddleware->process(Object(App\Http\Request), Object(Closure))
#15 /Users/brukva/MyProjects/Skeleton/private/app/Http/Pipeline.php(54): App\Http\Pipeline->App\Http\{closure}(Object(App\Http\Request))
#16 /Users/brukva/MyProjects/Skeleton/private/app/Http/Middleware/SessionMiddleware.php(32): App\Http\Pipeline->App\Http\{closure}(Object(App\Http\Request))
#17 /Users/brukva/MyProjects/Skeleton/private/app/Http/Pipeline.php(57): App\Http\Middleware\SessionMiddleware->process(Object(App\Http\Request), Object(Closure))
#18 /Users/brukva/MyProjects/Skeleton/private/app/Http/Pipeline.php(54): App\Http\Pipeline->App\Http\{closure}(Object(App\Http\Request))
#19 /Users/brukva/MyProjects/Skeleton/private/app/Http/Middleware/SecurityHeadersMiddleware.php(65): App\Http\Pipeline->App\Http\{closure}(Object(App\Http\Request))
#20 /Users/brukva/MyProjects/Skeleton/private/app/Http/Pipeline.php(57): App\Http\Middleware\SecurityHeadersMiddleware->process(Object(App\Http\Request), Object(Closure))
#21 /Users/brukva/MyProjects/Skeleton/private/app/Http/Pipeline.php(54): App\Http\Pipeline->App\Http\{closure}(Object(App\Http\Request))
#22 /Users/brukva/MyProjects/Skeleton/private/app/Http/Middleware/TrailingSlashMiddleware.php(35): App\Http\Pipeline->App\Http\{closure}(Object(App\Http\Request))
#23 /Users/brukva/MyProjects/Skeleton/private/app/Http/Pipeline.php(57): App\Http\Middleware\TrailingSlashMiddleware->process(Object(App\Http\Request), Object(Closure))
#24 /Users/brukva/MyProjects/Skeleton/private/app/Http/Pipeline.php(63): App\Http\Pipeline->App\Http\{closure}(Object(App\Http\Request))
#25 /Users/brukva/MyProjects/Skeleton/public/index.php(74): App\Http\Pipeline->run(Object(App\Http\Request), Array, Object(Closure))
#26 {main}
------------------------------------------------------------

